G:\DEVELOPINGS\ECO.LAB1\ASSEMBLYFILES\WINDOWS\VISUALSTUDIO_10\ECO.LAB1\DYNAMICDEBUG\1F5DF16EE1BF43B999A434ED38FE8F3A.DLL.INTERMEDIATE.MANIFEST
G:\Developings\Eco.Lab1\AssemblyFiles\Windows\VisualStudio_10\Eco.Lab1\DynamicDebug\1F5DF16EE1BF43B999A434ED38FE8F3A.exp
G:\Developings\Eco.Lab1\AssemblyFiles\Windows\VisualStudio_10\Eco.Lab1\DynamicDebug\1F5DF16EE1BF43B999A434ED38FE8F3A.lib
G:\DEVELOPINGS\ECO.LAB1\ASSEMBLYFILES\WINDOWS\VISUALSTUDIO_10\ECO.LAB1\DYNAMICDEBUG\1F5DF16EE1BF43B999A434ED38FE8F3A.PDB
G:\DEVELOPINGS\ECO.LAB1\ASSEMBLYFILES\WINDOWS\VISUALSTUDIO_10\ECO.LAB1\DYNAMICDEBUG\CECOLAB1.OBJ
G:\DEVELOPINGS\ECO.LAB1\ASSEMBLYFILES\WINDOWS\VISUALSTUDIO_10\ECO.LAB1\DYNAMICDEBUG\CECOLAB1FACTORY.OBJ
G:\Developings\Eco.Lab1\AssemblyFiles\Windows\VisualStudio_10\Eco.Lab1\DynamicDebug\cl.command.1.tlog
G:\Developings\Eco.Lab1\AssemblyFiles\Windows\VisualStudio_10\Eco.Lab1\DynamicDebug\CL.read.1.tlog
G:\Developings\Eco.Lab1\AssemblyFiles\Windows\VisualStudio_10\Eco.Lab1\DynamicDebug\CL.write.1.tlog
G:\Developings\Eco.Lab1\AssemblyFiles\Windows\VisualStudio_10\Eco.Lab1\DynamicDebug\Eco.Lab1.vcxprojResolveAssemblyReference.cache
G:\Developings\Eco.Lab1\AssemblyFiles\Windows\VisualStudio_10\Eco.Lab1\DynamicDebug\Eco.Lab1.write.1.tlog
G:\Developings\Eco.Lab1\AssemblyFiles\Windows\VisualStudio_10\Eco.Lab1\DynamicDebug\link.command.1.tlog
G:\Developings\Eco.Lab1\AssemblyFiles\Windows\VisualStudio_10\Eco.Lab1\DynamicDebug\link.read.1.tlog
G:\Developings\Eco.Lab1\AssemblyFiles\Windows\VisualStudio_10\Eco.Lab1\DynamicDebug\link.write.1.tlog
G:\Developings\Eco.Lab1\AssemblyFiles\Windows\VisualStudio_10\Eco.Lab1\DynamicDebug\mt.command.1.tlog
G:\Developings\Eco.Lab1\AssemblyFiles\Windows\VisualStudio_10\Eco.Lab1\DynamicDebug\mt.read.1.tlog
G:\Developings\Eco.Lab1\AssemblyFiles\Windows\VisualStudio_10\Eco.Lab1\DynamicDebug\mt.write.1.tlog
G:\Developings\Eco.Lab1\AssemblyFiles\Windows\VisualStudio_10\Eco.Lab1\DynamicDebug\vc100.idb
G:\DEVELOPINGS\ECO.LAB1\ASSEMBLYFILES\WINDOWS\VISUALSTUDIO_10\ECO.LAB1\DYNAMICDEBUG\VC100.PDB
G:\DEVELOPINGS\ECO.LAB1\BUILDFILES\WINDOWS\X86\DYNAMICDEBUG\1F5DF16EE1BF43B999A434ED38FE8F3A.DLL
G:\DEVELOPINGS\ECO.LAB1\BUILDFILES\WINDOWS\X86\DYNAMICDEBUG\1F5DF16EE1BF43B999A434ED38FE8F3A.ILK
